{"level":"info","message":"Launch the Core Buyer URL","timestamp":"2020-01-08T13:32:37.501Z"}
{"level":"info","message":"maximize the windows","timestamp":"2020-01-08T13:32:37.503Z"}
{"level":"info","message":"Enter the username","timestamp":"2020-01-08T13:32:56.743Z"}
{"level":"info","message":"Enter the password","timestamp":"2020-01-08T13:32:56.745Z"}
{"level":"info","message":"click on Button","timestamp":"2020-01-08T13:32:56.748Z"}
{"level":"info","message":"Click on Browse Product","timestamp":"2020-01-08T13:33:13.801Z"}
{"level":"info","message":"Launch the Core Buyer URL","timestamp":"2020-01-08T14:00:13.749Z"}
{"level":"info","message":"maximize the windows","timestamp":"2020-01-08T14:00:13.751Z"}
{"level":"info","message":"Enter the username","timestamp":"2020-01-08T14:01:02.853Z"}
{"level":"info","message":"Enter the password","timestamp":"2020-01-08T14:01:02.856Z"}
{"level":"info","message":"click on Button","timestamp":"2020-01-08T14:01:02.859Z"}
{"level":"info","message":"Click on Browse Product","timestamp":"2020-01-08T14:01:19.885Z"}
{"level":"info","message":"Launch the Core Buyer URL","timestamp":"2020-01-08T14:03:48.908Z"}
{"level":"info","message":"maximize the windows","timestamp":"2020-01-08T14:03:48.910Z"}
{"level":"info","message":"Enter the username","timestamp":"2020-01-08T14:04:06.912Z"}
{"level":"info","message":"Enter the password","timestamp":"2020-01-08T14:04:06.915Z"}
{"level":"info","message":"click on Button","timestamp":"2020-01-08T14:04:06.917Z"}
{"level":"info","message":"Click on Usercircle","timestamp":"2020-01-08T14:04:23.990Z"}
{"level":"info","message":"Enter some item in search box","timestamp":"2020-01-08T14:04:23.997Z"}
{"level":"info","message":"Click on  fiorder row","timestamp":"2020-01-08T14:04:24.001Z"}
{"level":"info","message":"Launch the Core Buyer URL","timestamp":"2020-01-08T14:05:56.343Z"}
{"level":"info","message":"maximize the windows","timestamp":"2020-01-08T14:05:56.345Z"}
{"level":"info","message":"Enter the username","timestamp":"2020-01-08T14:06:12.879Z"}
{"level":"info","message":"Enter the password","timestamp":"2020-01-08T14:06:12.882Z"}
{"level":"info","message":"click on Button","timestamp":"2020-01-08T14:06:12.884Z"}
{"level":"info","message":"Click on Usercircle","timestamp":"2020-01-08T14:06:29.936Z"}
{"level":"info","message":"Enter some item in search box","timestamp":"2020-01-08T14:06:29.943Z"}
{"level":"info","message":"Click on  fiorder row","timestamp":"2020-01-08T14:06:29.949Z"}
{"level":"info","message":"Launch the Core Buyer URL","timestamp":"2020-01-09T07:53:38.314Z"}
{"level":"info","message":"maximize the windows","timestamp":"2020-01-09T07:53:38.316Z"}
{"level":"info","message":"Enter the username","timestamp":"2020-01-09T07:53:56.897Z"}
{"level":"info","message":"Enter the password","timestamp":"2020-01-09T07:53:56.900Z"}
{"level":"info","message":"click on Button","timestamp":"2020-01-09T07:53:56.902Z"}
{"level":"info","message":"Click on Usercircle","timestamp":"2020-01-09T07:54:14.220Z"}
{"level":"info","message":"Enter some item in search box","timestamp":"2020-01-09T07:54:14.227Z"}
{"level":"info","message":"Click on  fiorder row","timestamp":"2020-01-09T07:54:14.230Z"}
{"level":"info","message":"Launch the Core Buyer URL","timestamp":"2020-01-09T08:21:14.156Z"}
{"level":"info","message":"maximize the windows","timestamp":"2020-01-09T08:21:14.157Z"}
{"level":"info","message":"Enter the username","timestamp":"2020-01-09T08:21:31.800Z"}
{"level":"info","message":"Enter the password","timestamp":"2020-01-09T08:21:31.802Z"}
{"level":"info","message":"click on Button","timestamp":"2020-01-09T08:21:31.804Z"}
{"level":"info","message":"Click on Usercircle","timestamp":"2020-01-09T08:21:48.898Z"}
{"level":"info","message":"Enter some item in search box","timestamp":"2020-01-09T08:21:48.903Z"}
{"level":"info","message":"Click on  fiorder row","timestamp":"2020-01-09T08:21:48.906Z"}
{"level":"info","message":"Launch the Core Buyer URL","timestamp":"2020-01-09T09:12:15.545Z"}
{"level":"info","message":"maximize the windows","timestamp":"2020-01-09T09:12:15.547Z"}
{"level":"info","message":"Enter the username","timestamp":"2020-01-09T09:12:35.686Z"}
{"level":"info","message":"Enter the password","timestamp":"2020-01-09T09:12:35.689Z"}
{"level":"info","message":"click on Button","timestamp":"2020-01-09T09:12:35.693Z"}
{"level":"info","message":"Click on Usercircle","timestamp":"2020-01-09T09:12:52.788Z"}
{"level":"info","message":"Enter some item in search box","timestamp":"2020-01-09T09:12:52.793Z"}
{"level":"info","message":"Click on  fiorder row","timestamp":"2020-01-09T09:12:52.795Z"}
{"level":"info","message":"Launch the Core Buyer URL","timestamp":"2020-01-09T09:15:51.565Z"}
{"level":"info","message":"maximize the windows","timestamp":"2020-01-09T09:15:51.566Z"}
{"level":"info","message":"Enter the username","timestamp":"2020-01-09T09:16:08.684Z"}
{"level":"info","message":"Enter the password","timestamp":"2020-01-09T09:16:08.687Z"}
{"level":"info","message":"click on Button","timestamp":"2020-01-09T09:16:08.690Z"}
{"level":"info","message":"Click on Usercircle","timestamp":"2020-01-09T09:16:25.747Z"}
{"level":"info","message":"Enter some item in search box","timestamp":"2020-01-09T09:16:25.751Z"}
{"level":"info","message":"Click on  fiorder row","timestamp":"2020-01-09T09:16:25.754Z"}
{"level":"info","message":"Launch the Core Buyer URL","timestamp":"2020-01-09T09:20:04.765Z"}
{"level":"info","message":"maximize the windows","timestamp":"2020-01-09T09:20:04.767Z"}
{"level":"info","message":"Enter the username","timestamp":"2020-01-09T09:20:20.859Z"}
{"level":"info","message":"Enter the password","timestamp":"2020-01-09T09:20:20.862Z"}
{"level":"info","message":"click on Button","timestamp":"2020-01-09T09:20:20.864Z"}
{"level":"info","message":"Click on Usercircle","timestamp":"2020-01-09T09:20:37.889Z"}
{"level":"info","message":"Enter some item in search box","timestamp":"2020-01-09T09:20:37.894Z"}
{"level":"info","message":"Click on  fiorder row","timestamp":"2020-01-09T09:20:37.896Z"}
{"level":"info","message":"Launch the Core Buyer URL","timestamp":"2020-01-09T09:33:14.322Z"}
{"level":"info","message":"maximize the windows","timestamp":"2020-01-09T09:33:14.324Z"}
{"level":"info","message":"Enter the username","timestamp":"2020-01-09T09:33:34.267Z"}
{"level":"info","message":"Enter the password","timestamp":"2020-01-09T09:33:34.270Z"}
{"level":"info","message":"click on Button","timestamp":"2020-01-09T09:33:34.272Z"}
{"level":"info","message":"Click on Usercircle","timestamp":"2020-01-09T09:33:51.447Z"}
{"level":"info","message":"Enter some item in search box","timestamp":"2020-01-09T09:33:51.452Z"}
{"level":"info","message":"Click on  fiorder row","timestamp":"2020-01-09T09:33:51.454Z"}
{"level":"info","message":"Launch the Core Buyer URL","timestamp":"2020-01-09T09:41:15.380Z"}
{"level":"info","message":"maximize the windows","timestamp":"2020-01-09T09:41:15.382Z"}
{"level":"info","message":"Enter the username","timestamp":"2020-01-09T09:41:32.013Z"}
{"level":"info","message":"Enter the password","timestamp":"2020-01-09T09:41:32.016Z"}
{"level":"info","message":"click on Button","timestamp":"2020-01-09T09:41:32.018Z"}
{"level":"info","message":"Click on Usercircle","timestamp":"2020-01-09T09:41:49.114Z"}
{"level":"info","message":"Enter some item in search box","timestamp":"2020-01-09T09:41:49.119Z"}
{"level":"info","message":"Click on  fiorder row","timestamp":"2020-01-09T09:41:49.122Z"}
{"level":"info","message":"Launch the Core Buyer URL","timestamp":"2020-01-09T09:42:32.409Z"}
{"level":"info","message":"maximize the windows","timestamp":"2020-01-09T09:42:32.411Z"}
{"level":"info","message":"Enter the username","timestamp":"2020-01-09T09:42:49.179Z"}
{"level":"info","message":"Enter the password","timestamp":"2020-01-09T09:42:49.182Z"}
{"level":"info","message":"click on Button","timestamp":"2020-01-09T09:42:49.184Z"}
{"level":"info","message":"Click on Usercircle","timestamp":"2020-01-09T09:43:06.275Z"}
{"level":"info","message":"Enter some item in search box","timestamp":"2020-01-09T09:43:06.280Z"}
{"level":"info","message":"Click on  fiorder row","timestamp":"2020-01-09T09:43:06.282Z"}
{"level":"info","message":"Launch the Core Buyer URL","timestamp":"2020-01-10T07:58:49.752Z"}
{"level":"info","message":"maximize the windows","timestamp":"2020-01-10T07:58:49.753Z"}
{"level":"info","message":"Enter the username","timestamp":"2020-01-10T07:59:06.632Z"}
{"level":"info","message":"Enter the password","timestamp":"2020-01-10T07:59:06.636Z"}
{"level":"info","message":"click on Button","timestamp":"2020-01-10T07:59:06.638Z"}
{"level":"info","message":"Click on Usercircle","timestamp":"2020-01-10T07:59:23.955Z"}
{"level":"info","message":"Enter some item in search box","timestamp":"2020-01-10T07:59:23.959Z"}
{"level":"info","message":"Click on  fiorder row","timestamp":"2020-01-10T07:59:23.962Z"}
{"level":"info","message":"Launch the Core Buyer URL","timestamp":"2020-01-10T09:02:23.496Z"}
{"level":"info","message":"maximize the windows","timestamp":"2020-01-10T09:02:23.498Z"}
{"level":"info","message":"Enter the username","timestamp":"2020-01-10T09:02:38.876Z"}
{"level":"info","message":"Enter the password","timestamp":"2020-01-10T09:02:38.878Z"}
{"level":"info","message":"click on Button","timestamp":"2020-01-10T09:02:38.881Z"}
{"level":"info","message":"Click on Usercircle","timestamp":"2020-01-10T09:02:56.100Z"}
{"level":"info","message":"Enter some item in search box","timestamp":"2020-01-10T09:02:56.104Z"}
{"level":"info","message":"Click on  fiorder row","timestamp":"2020-01-10T09:02:56.107Z"}
{"level":"info","message":"Launch the Core Buyer URL","timestamp":"2020-01-10T10:25:03.512Z"}
{"level":"info","message":"maximize the windows","timestamp":"2020-01-10T10:25:03.514Z"}
{"level":"info","message":"Enter the username","timestamp":"2020-01-10T10:25:18.425Z"}
{"level":"info","message":"Enter the password","timestamp":"2020-01-10T10:25:18.428Z"}
{"level":"info","message":"click on Button","timestamp":"2020-01-10T10:25:18.431Z"}
{"level":"info","message":"Click on Usercircle","timestamp":"2020-01-10T10:25:35.722Z"}
{"level":"info","message":"Enter some item in search box","timestamp":"2020-01-10T10:25:35.729Z"}
{"level":"info","message":"Click on  fiorder row","timestamp":"2020-01-10T10:25:35.737Z"}
